# JRE version: OpenJDK Runtime Environment (11.0.8+10) (build 11.0.8+10-b944.6842174)
# Java VM: OpenJDK 64-Bit Server VM (11.0.8+10-b944.6842174, mixed mode, tiered, compressed oops, g1 gc, windows-amd64)
Heap:
 garbage-first heap   total 312320K, used 106836K [0x0000000080000000, 0x0000000100000000)
  region size 1024K, 6 young (6144K), 2 survivors (2048K)
 Metaspace       used 149226K, capacity 153566K, committed 157260K, reserved 1187840K
  class space    used 17104K, capacity 18683K, committed 19532K, reserved 1048576K
GC Heap History (20 events):
Event: 37898.478 GC heap before
{Heap before GC invocations=786 (full 0):
 garbage-first heap   total 312320K, used 288938K [0x0000000080000000, 0x0000000100000000)
  region size 1024K, 123 young (125952K), 6 survivors (6144K)
 Metaspace       used 149236K, capacity 153662K, committed 157260K, reserved 1187840K
  class space    used 17118K, capacity 18705K, committed 19532K, reserved 1048576K
}
Event: 37898.487 GC heap after
{Heap after GC invocations=787 (full 0):
 garbage-first heap   total 312320K, used 142308K [0x0000000080000000, 0x0000000100000000)
  region size 1024K, 16 young (16384K), 16 survivors (16384K)
 Metaspace       used 149236K, capacity 153662K, committed 157260K, reserved 1187840K
  class space    used 17118K, capacity 18705K, committed 19532K, reserved 1048576K
}
Event: 37898.492 GC heap before
{Heap before GC invocations=787 (full 0):
 garbage-first heap   total 312320K, used 143332K [0x0000000080000000, 0x0000000100000000)
  region size 1024K, 17 young (17408K), 16 survivors (16384K)
 Metaspace       used 149236K, capacity 153662K, committed 157260K, reserved 1187840K
  class space    used 17118K, capacity 18705K, committed 19532K, reserved 1048576K
}
Event: 37898.506 GC heap after
{Heap after GC invocations=788 (full 0):
 garbage-first heap   total 312320K, used 128020K [0x0000000080000000, 0x0000000100000000)
  region size 1024K, 2 young (2048K), 2 survivors (2048K)
 Metaspace       used 149236K, capacity 153662K, committed 157260K, reserved 1187840K
  class space    used 17118K, capacity 18705K, committed 19532K, reserved 1048576K
}
Event: 37899.081 GC heap before
{Heap before GC invocations=788 (full 0):
 garbage-first heap   total 312320K, used 247828K [0x0000000080000000, 0x0000000100000000)
  region size 1024K, 120 young (122880K), 2 survivors (2048K)
 Metaspace       used 150573K, capacity 154926K, committed 157260K, reserved 1187840K
  class space    used 17272K, capacity 18872K, committed 19532K, reserved 1048576K
}
Event: 37899.091 GC heap after
{Heap after GC invocations=789 (full 0):
 garbage-first heap   total 312320K, used 132663K [0x0000000080000000, 0x0000000100000000)
  region size 1024K, 7 young (7168K), 7 survivors (7168K)
 Metaspace       used 150573K, capacity 154926K, committed 157260K, reserved 1187840K
  class space    used 17272K, capacity 18872K, committed 19532K, reserved 1048576K
}
Event: 38102.615 GC heap before
{Heap before GC invocations=790 (full 0):
 garbage-first heap   total 312320K, used 289315K [0x0000000080000000, 0x0000000100000000)
  region size 1024K, 123 young (125952K), 7 survivors (7168K)
 Metaspace       used 149205K, capacity 153512K, committed 157260K, reserved 1187840K
  class space    used 17112K, capacity 18698K, committed 19532K, reserved 1048576K
}
Event: 38102.621 GC heap after
{Heap after GC invocations=791 (full 0):
 garbage-first heap   total 312320K, used 137187K [0x0000000080000000, 0x0000000100000000)
  region size 1024K, 11 young (11264K), 11 survivors (11264K)
 Metaspace       used 149205K, capacity 153512K, committed 157260K, reserved 1187840K
  class space    used 17112K, capacity 18698K, committed 19532K, reserved 1048576K
}
Event: 38102.638 GC heap before
{Heap before GC invocations=791 (full 0):
 garbage-first heap   total 312320K, used 140259K [0x0000000080000000, 0x0000000100000000)
  region size 1024K, 15 young (15360K), 11 survivors (11264K)
 Metaspace       used 149205K, capacity 153512K, committed 157260K, reserved 1187840K
  class space    used 17112K, capacity 18698K, committed 19532K, reserved 1048576K
}
Event: 38102.650 GC heap after
{Heap after GC invocations=792 (full 0):
 garbage-first heap   total 312320K, used 120320K [0x0000000080000000, 0x0000000100000000)
  region size 1024K, 2 young (2048K), 2 survivors (2048K)
 Metaspace       used 149205K, capacity 153512K, committed 157260K, reserved 1187840K
  class space    used 17112K, capacity 18698K, committed 19532K, reserved 1048576K
}
Event: 40040.823 GC heap before
{Heap before GC invocations=792 (full 0):
 garbage-first heap   total 312320K, used 250368K [0x0000000080000000, 0x0000000100000000)
  region size 1024K, 130 young (133120K), 2 survivors (2048K)
 Metaspace       used 149206K, capacity 153512K, committed 157260K, reserved 1187840K
  class space    used 17112K, capacity 18698K, committed 19532K, reserved 1048576K
}
Event: 40040.843 GC heap after
{Heap after GC invocations=793 (full 0):
 garbage-first heap   total 312320K, used 124002K [0x0000000080000000, 0x0000000100000000)
  region size 1024K, 6 young (6144K), 6 survivors (6144K)
 Metaspace       used 149206K, capacity 153512K, committed 157260K, reserved 1187840K
  class space    used 17112K, capacity 18698K, committed 19532K, reserved 1048576K
}
Event: 41751.035 GC heap before
{Heap before GC invocations=794 (full 0):
 garbage-first heap   total 312320K, used 250978K [0x0000000080000000, 0x0000000100000000)
  region size 1024K, 133 young (136192K), 6 survivors (6144K)
 Metaspace       used 147604K, capacity 151722K, committed 157260K, reserved 1187840K
  class space    used 16916K, capacity 18458K, committed 19532K, reserved 1048576K
}
Event: 41751.136 GC heap after
{Heap after GC invocations=795 (full 0):
 garbage-first heap   total 312320K, used 123083K [0x0000000080000000, 0x0000000100000000)
  region size 1024K, 7 young (7168K), 7 survivors (7168K)
 Metaspace       used 147604K, capacity 151722K, committed 157260K, reserved 1187840K
  class space    used 16916K, capacity 18458K, committed 19532K, reserved 1048576K
}
Event: 41751.216 GC heap before
{Heap before GC invocations=795 (full 0):
 garbage-first heap   total 312320K, used 130251K [0x0000000080000000, 0x0000000100000000)
  region size 1024K, 15 young (15360K), 7 survivors (7168K)
 Metaspace       used 147604K, capacity 151722K, committed 157260K, reserved 1187840K
  class space    used 16916K, capacity 18458K, committed 19532K, reserved 1048576K
}
Event: 41751.322 GC heap after
{Heap after GC invocations=796 (full 0):
 garbage-first heap   total 312320K, used 107060K [0x0000000080000000, 0x0000000100000000)
  region size 1024K, 1 young (1024K), 1 survivors (1024K)
 Metaspace       used 147604K, capacity 151722K, committed 157260K, reserved 1187840K
  class space    used 16916K, capacity 18458K, committed 19532K, reserved 1048576K
}
Event: 41752.049 GC heap before
{Heap before GC invocations=796 (full 0):
 garbage-first heap   total 312320K, used 145972K [0x0000000080000000, 0x0000000100000000)
  region size 1024K, 41 young (41984K), 1 survivors (1024K)
 Metaspace       used 147687K, capacity 151982K, committed 157260K, reserved 1187840K
  class space    used 16926K, capacity 18472K, committed 19532K, reserved 1048576K
}
Event: 41752.075 GC heap after
{Heap after GC invocations=797 (full 0):
 garbage-first heap   total 312320K, used 108865K [0x0000000080000000, 0x0000000100000000)
  region size 1024K, 3 young (3072K), 3 survivors (3072K)
 Metaspace       used 147687K, capacity 151982K, committed 157260K, reserved 1187840K
  class space    used 16926K, capacity 18472K, committed 19532K, reserved 1048576K
}
Event: 41756.997 GC heap before
{Heap before GC invocations=798 (full 0):
 garbage-first heap   total 312320K, used 248129K [0x0000000080000000, 0x0000000100000000)
  region size 1024K, 140 young (143360K), 3 survivors (3072K)
 Metaspace       used 149163K, capacity 153470K, committed 157260K, reserved 1187840K
  class space    used 17095K, capacity 18667K, committed 19532K, reserved 1048576K
}
Event: 41757.362 GC heap after
{Heap after GC invocations=799 (full 0):
 garbage-first heap   total 312320K, used 111280K [0x0000000080000000, 0x0000000100000000)
  region size 1024K, 6 young (6144K), 6 survivors (6144K)
 Metaspace       used 149163K, capacity 153470K, committed 157260K, reserved 1187840K
  class space    used 17095K, capacity 18667K, committed 19532K, reserved 1048576K
}

